[1230/003155.022:ERROR:process_info.cc(329)] VirtualQueryEx: Acesso negado. (0x5)
[1230/003155.024:ERROR:process_info.cc(556)] ReadMemoryInfo failed
[1230/003155.024:ERROR:scoped_process_suspend.cc(40)] NtResumeProcess: Tentou-se acessar um processo de saída. (0xc000010a)
[1230/011142.518:ERROR:process_info.cc(329)] VirtualQueryEx: Acesso negado. (0x5)
[1230/011142.519:ERROR:process_info.cc(556)] ReadMemoryInfo failed
[1230/011142.519:ERROR:scoped_process_suspend.cc(40)] NtResumeProcess: Tentou-se acessar um processo de saída. (0xc000010a)
[1231/010119.418:ERROR:directory_reader_win.cc(43)] FindFirstFile: O sistema não pode encontrar o caminho especificado. (0x3)
[0103/134456.878:ERROR:process_info.cc(329)] VirtualQueryEx: Acesso negado. (0x5)
[0103/134456.878:ERROR:process_info.cc(556)] ReadMemoryInfo failed
[0103/134456.878:ERROR:scoped_process_suspend.cc(40)] NtResumeProcess: Tentou-se acessar um processo de saída. (0xc000010a)
[0103/135611.772:ERROR:directory_reader_win.cc(43)] FindFirstFile: O sistema não pode encontrar o caminho especificado. (0x3)
[0103/154120.470:ERROR:process_reader_win.cc(151)] SuspendThread: Acesso negado. (0x5)
[0103/154120.470:ERROR:exception_snapshot_win.cc(99)] thread ID 9036 not found in process
[0103/154120.471:ERROR:scoped_process_suspend.cc(40)] NtResumeProcess: Tentou-se acessar um processo de saída. (0xc000010a)
[0103/162417.562:ERROR:directory_reader_win.cc(43)] FindFirstFile: O sistema não pode encontrar o caminho especificado. (0x3)
[0103/162426.873:ERROR:directory_reader_win.cc(43)] FindFirstFile: O sistema não pode encontrar o caminho especificado. (0x3)
[0103/163528.790:ERROR:process_info.cc(329)] VirtualQueryEx: Acesso negado. (0x5)
[0103/163528.790:ERROR:process_info.cc(556)] ReadMemoryInfo failed
[0103/163528.790:ERROR:scoped_process_suspend.cc(40)] NtResumeProcess: Tentou-se acessar um processo de saída. (0xc000010a)
[0103/163703.269:ERROR:process_info.cc(329)] VirtualQueryEx: Acesso negado. (0x5)
[0103/163703.270:ERROR:process_info.cc(556)] ReadMemoryInfo failed
[0103/163703.270:ERROR:scoped_process_suspend.cc(40)] NtResumeProcess: Tentou-se acessar um processo de saída. (0xc000010a)
[0103/170554.753:ERROR:process_info.cc(329)] VirtualQueryEx: Acesso negado. (0x5)
[0103/170554.753:ERROR:process_info.cc(556)] ReadMemoryInfo failed
[0103/170554.753:ERROR:scoped_process_suspend.cc(40)] NtResumeProcess: Tentou-se acessar um processo de saída. (0xc000010a)
[0103/222749.868:ERROR:directory_reader_win.cc(43)] FindFirstFile: O sistema não pode encontrar o caminho especificado. (0x3)
[0103/222749.868:ERROR:directory_reader_win.cc(43)] FindFirstFile: O sistema não pode encontrar o caminho especificado. (0x3)
[0104/005958.939:ERROR:directory_reader_win.cc(43)] FindFirstFile: O sistema não pode encontrar o caminho especificado. (0x3)
[0104/013126.863:ERROR:directory_reader_win.cc(43)] FindFirstFile: O sistema não pode encontrar o caminho especificado. (0x3)
[0104/135246.971:ERROR:process_info.cc(329)] VirtualQueryEx: Acesso negado. (0x5)
[0104/135246.972:ERROR:process_info.cc(556)] ReadMemoryInfo failed
[0104/135246.972:ERROR:scoped_process_suspend.cc(40)] NtResumeProcess: Tentou-se acessar um processo de saída. (0xc000010a)
[0104/141405.412:ERROR:process_reader_win.cc(151)] SuspendThread: Acesso negado. (0x5)
[0104/141405.413:ERROR:exception_snapshot_win.cc(99)] thread ID 11388 not found in process
[0104/141405.413:ERROR:scoped_process_suspend.cc(40)] NtResumeProcess: Tentou-se acessar um processo de saída. (0xc000010a)
[0104/161312.638:ERROR:process_info.cc(329)] VirtualQueryEx: Acesso negado. (0x5)
[0104/161312.639:ERROR:process_info.cc(556)] ReadMemoryInfo failed
[0104/161312.639:ERROR:scoped_process_suspend.cc(40)] NtResumeProcess: Tentou-se acessar um processo de saída. (0xc000010a)
[0111/002054.741:ERROR:process_info.cc(329)] VirtualQueryEx: Acesso negado. (0x5)
[0111/002054.742:ERROR:process_info.cc(556)] ReadMemoryInfo failed
[0111/002054.742:ERROR:scoped_process_suspend.cc(40)] NtResumeProcess: Tentou-se acessar um processo de saída. (0xc000010a)
[0111/091556.005:ERROR:process_info.cc(329)] VirtualQueryEx: Acesso negado. (0x5)
[0111/091556.038:ERROR:process_info.cc(556)] ReadMemoryInfo failed
[0111/091556.038:ERROR:process_memory_win.cc(39)] Failed to initialize ProcessInfo.
[0111/091556.038:ERROR:scoped_process_suspend.cc(40)] NtResumeProcess: Tentou-se acessar um processo de saída. (0xc000010a)
[0111/092645.899:ERROR:directory_reader_win.cc(43)] FindFirstFile: O sistema não pode encontrar o caminho especificado. (0x3)
[0111/143912.636:ERROR:directory_reader_win.cc(43)] FindFirstFile: O sistema não pode encontrar o caminho especificado. (0x3)
[0111/150224.074:ERROR:process_reader_win.cc(151)] SuspendThread: Acesso negado. (0x5)
[0111/150224.075:ERROR:exception_snapshot_win.cc(99)] thread ID 7592 not found in process
[0111/165655.537:ERROR:process_info.cc(329)] VirtualQueryEx: Acesso negado. (0x5)
[0111/165655.538:ERROR:process_info.cc(556)] ReadMemoryInfo failed
[0111/165655.538:ERROR:scoped_process_suspend.cc(40)] NtResumeProcess: Tentou-se acessar um processo de saída. (0xc000010a)
[0111/171025.790:ERROR:process_info.cc(329)] VirtualQueryEx: Acesso negado. (0x5)
[0111/171025.791:ERROR:process_info.cc(556)] ReadMemoryInfo failed
[0111/171025.791:ERROR:process_memory_win.cc(39)] Failed to initialize ProcessInfo.
[0111/171025.791:ERROR:scoped_process_suspend.cc(40)] NtResumeProcess: Tentou-se acessar um processo de saída. (0xc000010a)
[0111/221523.381:ERROR:process_info.cc(329)] VirtualQueryEx: Acesso negado. (0x5)
[0111/221523.382:ERROR:process_info.cc(556)] ReadMemoryInfo failed
[0111/221523.382:ERROR:scoped_process_suspend.cc(40)] NtResumeProcess: Tentou-se acessar um processo de saída. (0xc000010a)
[0111/231831.644:ERROR:process_info.cc(329)] VirtualQueryEx: Acesso negado. (0x5)
[0111/231831.644:ERROR:process_info.cc(556)] ReadMemoryInfo failed
[0111/231831.644:ERROR:scoped_process_suspend.cc(40)] NtResumeProcess: Tentou-se acessar um processo de saída. (0xc000010a)
[0112/014520.441:ERROR:process_info.cc(329)] VirtualQueryEx: Acesso negado. (0x5)
[0112/014520.442:ERROR:process_info.cc(556)] ReadMemoryInfo failed
[0112/014520.442:ERROR:process_memory_win.cc(39)] Failed to initialize ProcessInfo.
[0112/014520.442:ERROR:scoped_process_suspend.cc(40)] NtResumeProcess: Tentou-se acessar um processo de saída. (0xc000010a)
[0112/015117.179:ERROR:process_info.cc(329)] VirtualQueryEx: Acesso negado. (0x5)
[0112/015117.180:ERROR:process_info.cc(556)] ReadMemoryInfo failed
[0112/015117.180:ERROR:scoped_process_suspend.cc(40)] NtResumeProcess: Tentou-se acessar um processo de saída. (0xc000010a)
[0112/223023.690:ERROR:directory_reader_win.cc(43)] FindFirstFile: O sistema não pode encontrar o caminho especificado. (0x3)
[0112/232147.817:ERROR:process_info.cc(329)] VirtualQueryEx: Acesso negado. (0x5)
[0112/232147.817:ERROR:process_info.cc(556)] ReadMemoryInfo failed
[0112/232147.818:ERROR:scoped_process_suspend.cc(40)] NtResumeProcess: Tentou-se acessar um processo de saída. (0xc000010a)
[0113/013031.636:ERROR:directory_reader_win.cc(43)] FindFirstFile: O sistema não pode encontrar o caminho especificado. (0x3)
[0113/024317.247:ERROR:process_info.cc(329)] VirtualQueryEx: Acesso negado. (0x5)
[0113/024317.248:ERROR:process_info.cc(556)] ReadMemoryInfo failed
[0113/024317.248:ERROR:process_memory_win.cc(39)] Failed to initialize ProcessInfo.
[0113/024317.248:ERROR:scoped_process_suspend.cc(40)] NtResumeProcess: Tentou-se acessar um processo de saída. (0xc000010a)
[0113/160834.692:ERROR:directory_reader_win.cc(43)] FindFirstFile: O sistema não pode encontrar o caminho especificado. (0x3)
[0113/161138.651:ERROR:process_info.cc(329)] VirtualQueryEx: Acesso negado. (0x5)
[0113/161138.652:ERROR:process_info.cc(556)] ReadMemoryInfo failed
[0113/161138.652:ERROR:scoped_process_suspend.cc(40)] NtResumeProcess: Tentou-se acessar um processo de saída. (0xc000010a)
[0113/174005.808:ERROR:directory_reader_win.cc(43)] FindFirstFile: O sistema não pode encontrar o caminho especificado. (0x3)
[0114/154929.697:ERROR:directory_reader_win.cc(43)] FindFirstFile: O sistema não pode encontrar o caminho especificado. (0x3)
[0114/160931.163:ERROR:process_info.cc(329)] VirtualQueryEx: Acesso negado. (0x5)
[0114/160931.164:ERROR:process_info.cc(556)] ReadMemoryInfo failed
[0114/160931.164:ERROR:scoped_process_suspend.cc(40)] NtResumeProcess: Tentou-se acessar um processo de saída. (0xc000010a)
[0114/162658.542:ERROR:process_info.cc(329)] VirtualQueryEx: Acesso negado. (0x5)
[0114/162658.544:ERROR:process_info.cc(556)] ReadMemoryInfo failed
[0114/162658.544:ERROR:scoped_process_suspend.cc(40)] NtResumeProcess: Tentou-se acessar um processo de saída. (0xc000010a)
[0114/180427.678:ERROR:directory_reader_win.cc(43)] FindFirstFile: O sistema não pode encontrar o caminho especificado. (0x3)
[0114/181113.637:ERROR:process_info.cc(329)] VirtualQueryEx: Acesso negado. (0x5)
[0114/181113.638:ERROR:process_info.cc(556)] ReadMemoryInfo failed
[0114/181113.638:ERROR:scoped_process_suspend.cc(40)] NtResumeProcess: Tentou-se acessar um processo de saída. (0xc000010a)
[0114/183307.407:ERROR:process_info.cc(329)] VirtualQueryEx: Acesso negado. (0x5)
[0114/183307.408:ERROR:process_info.cc(556)] ReadMemoryInfo failed
[0114/183307.408:ERROR:scoped_process_suspend.cc(40)] NtResumeProcess: Tentou-se acessar um processo de saída. (0xc000010a)
[0114/191358.616:ERROR:process_info.cc(329)] VirtualQueryEx: Acesso negado. (0x5)
[0114/191358.617:ERROR:process_info.cc(556)] ReadMemoryInfo failed
[0114/191358.617:ERROR:scoped_process_suspend.cc(40)] NtResumeProcess: Tentou-se acessar um processo de saída. (0xc000010a)
[0114/195425.127:ERROR:directory_reader_win.cc(43)] FindFirstFile: O sistema não pode encontrar o caminho especificado. (0x3)
[0114/213619.897:ERROR:process_info.cc(329)] VirtualQueryEx: Acesso negado. (0x5)
[0114/213619.900:ERROR:process_info.cc(556)] ReadMemoryInfo failed
[0114/213619.900:ERROR:scoped_process_suspend.cc(40)] NtResumeProcess: Tentou-se acessar um processo de saída. (0xc000010a)
[0114/214509.766:ERROR:process_info.cc(329)] VirtualQueryEx: Acesso negado. (0x5)
[0114/214509.767:ERROR:process_info.cc(556)] ReadMemoryInfo failed
[0114/214509.767:ERROR:process_memory_win.cc(39)] Failed to initialize ProcessInfo.
[0114/214509.767:ERROR:scoped_process_suspend.cc(40)] NtResumeProcess: Tentou-se acessar um processo de saída. (0xc000010a)
